200    1.214418e+007
400    1.214418e+007
600    1.214418e+007
800    1.214418e+007
1000    1.214418e+007

...

999000    1.214418e+007
999200    1.214418e+007
999400    1.214418e+007
999600    1.214418e+007
999800    1.214418e+007
1000000    1.214418e+007

200    1.163558e+007
400    1.163558e+007
600    1.163558e+007
800    1.163558e+007
1000    1.163558e+007

...

999000    1.163558e+007
999200    1.163558e+007
999400    1.163558e+007
999600    1.163558e+007
999800    1.163558e+007
1000000    1.163558e+007
